[2020-09-21T16:26:42.031] [ERROR] cheese - { Error: ER_NO_SUCH_TABLE: Table 'myblog.users1' doesn't exist
    at Query.Sequence._packetToError (/Users/gaoheming/Desktop/京程一灯项目练习/第三专题资料及课件/gkoa-cli/koa-project/node_modules/mysql/lib/protocol/sequences/Sequence.js:47:14)
    at Query.ErrorPacket (/Users/gaoheming/Desktop/京程一灯项目练习/第三专题资料及课件/gkoa-cli/koa-project/node_modules/mysql/lib/protocol/sequences/Query.js:79:18)
    at Protocol._parsePacket (/Users/gaoheming/Desktop/京程一灯项目练习/第三专题资料及课件/gkoa-cli/koa-project/node_modules/mysql/lib/protocol/Protocol.js:291:23)
    at Parser._parsePacket (/Users/gaoheming/Desktop/京程一灯项目练习/第三专题资料及课件/gkoa-cli/koa-project/node_modules/mysql/lib/protocol/Parser.js:433:10)
    at Parser.write (/Users/gaoheming/Desktop/京程一灯项目练习/第三专题资料及课件/gkoa-cli/koa-project/node_modules/mysql/lib/protocol/Parser.js:43:10)
    at Protocol.write (/Users/gaoheming/Desktop/京程一灯项目练习/第三专题资料及课件/gkoa-cli/koa-project/node_modules/mysql/lib/protocol/Protocol.js:38:16)
    at Socket.<anonymous> (/Users/gaoheming/Desktop/京程一灯项目练习/第三专题资料及课件/gkoa-cli/koa-project/node_modules/mysql/lib/Connection.js:88:28)
    at Socket.<anonymous> (/Users/gaoheming/Desktop/京程一灯项目练习/第三专题资料及课件/gkoa-cli/koa-project/node_modules/mysql/lib/Connection.js:526:10)
    at emitOne (events.js:116:13)
    at Socket.emit (events.js:211:7)
    --------------------
    at Pool.query (/Users/gaoheming/Desktop/京程一灯项目练习/第三专题资料及课件/gkoa-cli/koa-project/node_modules/mysql/lib/Pool.js:199:23)
    at MysqlSocket.query (/Users/gaoheming/Desktop/京程一灯项目练习/第三专题资料及课件/gkoa-cli/koa-project/node_modules/node-mysql-promise/lib/Lib/MysqlSocket.js:38:13)
    at MysqlDb.getFields (/Users/gaoheming/Desktop/京程一灯项目练习/第三专题资料及课件/gkoa-cli/koa-project/node_modules/node-mysql-promise/lib/Lib/MysqlDb.js:45:21)
    at Mysql.flushFields (/Users/gaoheming/Desktop/京程一灯项目练习/第三专题资料及课件/gkoa-cli/koa-project/node_modules/node-mysql-promise/lib/Mysql.js:71:18)
    at Mysql.getTableFields (/Users/gaoheming/Desktop/京程一灯项目练习/第三专题资料及课件/gkoa-cli/koa-project/node_modules/node-mysql-promise/lib/Mysql.js:57:15)
    at Mysql.parseOptions (/Users/gaoheming/Desktop/京程一灯项目练习/第三专题资料及课件/gkoa-cli/koa-project/node_modules/node-mysql-promise/lib/Mysql.js:288:22)
    at Mysql.select (/Users/gaoheming/Desktop/京程一灯项目练习/第三专题资料及课件/gkoa-cli/koa-project/node_modules/node-mysql-promise/lib/Mysql.js:613:15)
    at _callee$ (/Users/gaoheming/Desktop/京程一灯项目练习/第三专题资料及课件/gkoa-cli/koa-project/models/LoginModel.js:9:107)
    at tryCatch (/Users/gaoheming/Desktop/京程一灯项目练习/第三专题资料及课件/gkoa-cli/koa-project/node_modules/regenerator-runtime/runtime.js:63:40)
    at Generator.invoke [as _invoke] (/Users/gaoheming/Desktop/京程一灯项目练习/第三专题资料及课件/gkoa-cli/koa-project/node_modules/regenerator-runtime/runtime.js:293:22)
  code: 'ER_NO_SUCH_TABLE',
  errno: 1146,
  sqlMessage: 'Table \'myblog.users1\' doesn\'t exist',
  sqlState: '42S02',
  index: 0,
  sql: 'SHOW COLUMNS FROM `users1`' }
